<?xml version="1.0" encoding="UTF-8"?>
<!-- Generated by org.testng.reporters.JUnitReportReporter -->
<testsuite skipped="0" hostname="DESKTOP-KFO17RS" name="com.ip.demo.StringExercisesTest" tests="5" failures="0" timestamp="2020-03-31T09:51:10 PDT" time="0.078" errors="0">
  <testcase name="noLowercaseLettersInAnEmptyString" time="0.001" classname="com.ip.demo.StringExercisesTest"/>
  <system-out/>
  <testcase name="countsLowercaseLetterExample" time="0.066" classname="com.ip.demo.StringExercisesTest"/>
  <system-out/>
  <testcase name="noStringReturnedForEmptyList" time="0.001" classname="com.ip.demo.StringExercisesTest"/>
  <system-out/>
  <testcase name="findsMostLowercaseString" time="0.009" classname="com.ip.demo.StringExercisesTest"/>
  <system-out/>
  <testcase name="suppoertsNoLowercaseLetters" time="0.001" classname="com.ip.demo.StringExercisesTest"/>
  <system-out/>
</testsuite> <!-- com.ip.demo.StringExercisesTest -->
