<?xml version="1.0" encoding="UTF-8"?>
<!-- Generated by org.testng.reporters.JUnitReportReporter -->
<testsuite skipped="0" hostname="DESKTOP-KFO17RS" name="com.ip.demo.DayTest" tests="1" failures="0" timestamp="2020-03-31T09:51:10 PDT" time="0.065" errors="0">
  <testcase name="exampleInB" time="0.065" classname="com.ip.demo.DayTest"/>
  <system-out/>
</testsuite> <!-- com.ip.demo.DayTest -->
